2021-03-29 12:57:42.397  INFO 9060 --- [main] lavalink.server.Launcher                 : 

[32m       .  [31m _                  _ _       _    [32m__ _ _
[32m      /\\ [31m| | __ ___   ____ _| (_)_ __ | | __[32m\ \ \ \
[32m     ( ( )[31m| |/ _` \ \ / / _` | | | '_ \| |/ /[32m \ \ \ \
[32m      \\/ [31m| | (_| |\ V / (_| | | | | | |   < [32m  ) ) ) )
[32m       '  [31m|_|\__,_| \_/ \__,_|_|_|_| |_|_|\_\[32m / / / /
[0m    =========================================[32m/_/_/_/[0m

	Version:        3.3.2.3
	Build:          1176
	Build time:     28.12.2020 18:59:16 UTC
	Branch          master
	Commit:         68d398a
	Commit time:    28.12.2020 18:56:23 UTC
	JVM:            13.0.2
	Lavaplayer      1.3.65

2021-03-29 12:57:43.249  INFO 9060 --- [main] lavalink.server.Launcher                 : Starting Launcher on Laptop-Izaz with PID 9060 (C:\Users\AtranZRyou\Downloads\Compressed\bad-apple-bot-main\bad-apple-bot-main\jdk-13.0.2\bin\Lavalink.jar started by AtranZRyou in C:\Users\AtranZRyou\Downloads\Compressed\bad-apple-bot-main\bad-apple-bot-main\jdk-13.0.2\bin)
2021-03-29 12:57:43.265  INFO 9060 --- [main] lavalink.server.Launcher                 : No active profile set, falling back to default profiles: default
2021-03-29 12:57:43.265  WARN 9060 --- [background-preinit] o.s.h.c.j.Jackson2ObjectMapperBuilder    : For Jackson Kotlin classes support please add "com.fasterxml.jackson.module:jackson-module-kotlin" to the classpath
2021-03-29 12:57:54.275  WARN 9060 --- [main] io.undertow.websockets.jsr               : UT026010: Buffer pool was not set on WebSocketDeploymentInfo, the default pool will be used
2021-03-29 12:57:54.359  INFO 9060 --- [main] io.undertow.servlet                      : Initializing Spring embedded WebApplicationContext
2021-03-29 12:57:54.375  INFO 9060 --- [main] o.s.web.context.ContextLoader            : Root WebApplicationContext: initialization completed in 10901 ms
2021-03-29 12:57:55.929  WARN 9060 --- [main] l.server.config.SentryConfiguration      : Turning off sentry
2021-03-29 12:57:57.739  INFO 9060 --- [main] c.s.d.l.tools.GarbageCollectionMonitor   : GC monitoring enabled, reporting results every 2 minutes.
2021-03-29 12:57:59.703  INFO 9060 --- [main] lavalink.server.config.KoeConfiguration  : OS: Windows 10, Arch: amd64
2021-03-29 12:57:59.703  WARN 9060 --- [main] lavalink.server.config.KoeConfiguration  : This system and architecture appears to not support native audio sending! GC pauses may cause your bot to stutter during playback.
2021-03-29 12:58:01.216  INFO 9060 --- [main] o.s.s.concurrent.ThreadPoolTaskExecutor  : Initializing ExecutorService 'applicationTaskExecutor'
2021-03-29 12:58:02.229  INFO 9060 --- [main] org.xnio                                 : XNIO version 3.3.8.Final
2021-03-29 12:58:02.329  INFO 9060 --- [main] org.xnio.nio                             : XNIO NIO Implementation Version 3.3.8.Final
2021-03-29 12:58:02.457  INFO 9060 --- [main] o.s.b.w.e.u.UndertowServletWebServer     : Undertow started on port(s) 2333 (http) with context path ''
2021-03-29 12:58:02.470  INFO 9060 --- [main] lavalink.server.Launcher                 : Started Launcher in 24.278 seconds (JVM running for 34.587)
2021-03-29 12:58:02.476  INFO 9060 --- [main] lavalink.server.Launcher                 : You can safely ignore the big red warning about illegal reflection. See https://github.com/Frederikam/Lavalink/issues/295
